This file contains any messages produced by compilers while
running configure, to aid debugging if configure makes a mistake.

It was created by dieharder configure 3.31.1, which was
generated by GNU Autoconf 2.66.  Invocation command line was

  $ ./configure 

## --------- ##
## Platform. ##
## --------- ##

hostname = wifi-roaming-128-4-141-80.host.udel.edu
uname -m = x86_64
uname -r = 17.5.0
uname -s = Darwin
uname -v = Darwin Kernel Version 17.5.0: Mon Mar  5 22:24:32 PST 2018; root:xnu-4570.51.1~1/RELEASE_X86_64

/usr/bin/uname -p = i386
/bin/uname -X     = unknown

/bin/arch              = unknown
/usr/bin/arch -k       = unknown
/usr/convex/getsysinfo = unknown
/usr/bin/hostinfo      = Mach kernel version:
	 Darwin Kernel Version 17.5.0: Mon Mar  5 22:24:32 PST 2018; root:xnu-4570.51.1~1/RELEASE_X86_64
Kernel configured for up to 4 processors.
2 processors are physically available.
4 processors are logically available.
Processor type: x86_64h (Intel x86-64h Haswell)
Processors active: 0 1 2 3
Primary memory available: 8.00 gigabytes
Default processor set: 376 tasks, 1591 threads, 4 processors
Load average: 1.16, Mach factor: 2.83
/bin/machine           = unknown
/usr/bin/oslevel       = unknown
/bin/universe          = unknown

PATH: /Users/rachelkraft/anaconda3/bin
PATH: /usr/local/bin
PATH: /usr/bin
PATH: /bin
PATH: /usr/sbin
PATH: /sbin


## ----------- ##
## Core tests. ##
## ----------- ##

configure:2267: checking for a BSD-compatible install
configure:2335: result: /usr/bin/install -c
configure:2346: checking whether build environment is sane
configure:2396: result: yes
configure:2537: checking for a thread-safe mkdir -p
configure:2576: result: ./install-sh -c -d
configure:2589: checking for gawk
configure:2619: result: no
configure:2589: checking for mawk
configure:2619: result: no
configure:2589: checking for nawk
configure:2619: result: no
configure:2589: checking for awk
configure:2605: found /usr/bin/awk
configure:2616: result: awk
configure:2627: checking whether make sets $(MAKE)
configure:2649: result: yes
configure:2780: checking build system type
configure:2794: result: i386-apple-darwin17.5.0
configure:2814: checking host system type
configure:2827: result: i386-apple-darwin17.5.0
configure:2868: checking how to print strings
configure:2895: result: printf
configure:2928: checking for style of include used by make
configure:2956: result: GNU
configure:3026: checking for gcc
configure:3042: found /usr/bin/gcc
configure:3053: result: gcc
configure:3282: checking for C compiler version
configure:3291: gcc --version >&5
Apple LLVM version 10.0.0 (clang-1000.10.44.2)
Target: x86_64-apple-darwin17.5.0
Thread model: posix
InstalledDir: /Library/Developer/CommandLineTools/usr/bin
Configured with: --prefix=/Library/Developer/CommandLineTools/usr --with-gxx-include-dir=/usr/include/c++/4.2.1
configure:3302: $? = 0
configure:3291: gcc -v >&5
Configured with: --prefix=/Library/Developer/CommandLineTools/usr --with-gxx-include-dir=/usr/include/c++/4.2.1
Apple LLVM version 10.0.0 (clang-1000.10.44.2)
Target: x86_64-apple-darwin17.5.0
Thread model: posix
InstalledDir: /Library/Developer/CommandLineTools/usr/bin
configure:3302: $? = 0
configure:3291: gcc -V >&5
clang: error: argument to '-V' is missing (expected 1 value)
clang: error: no input files
configure:3302: $? = 1
configure:3291: gcc -qversion >&5
clang: error: unknown argument: '-qversion'
clang: error: no input files
configure:3302: $? = 1
configure:3322: checking whether the C compiler works
configure:3344: gcc    conftest.c  >&5
configure:3348: $? = 0
configure:3396: result: yes
configure:3399: checking for C compiler default output file name
configure:3401: result: a.out
configure:3407: checking for suffix of executables
configure:3414: gcc -o conftest    conftest.c  >&5
configure:3418: $? = 0
configure:3440: result: 
configure:3462: checking whether we are cross compiling
configure:3470: gcc -o conftest    conftest.c  >&5
configure:3474: $? = 0
configure:3481: ./conftest
configure:3485: $? = 0
configure:3500: result: no
configure:3505: checking for suffix of object files
configure:3527: gcc -c   conftest.c >&5
configure:3531: $? = 0
configure:3552: result: o
configure:3556: checking whether we are using the GNU C compiler
configure:3575: gcc -c   conftest.c >&5
configure:3575: $? = 0
configure:3584: result: yes
configure:3593: checking whether gcc accepts -g
configure:3613: gcc -c -g  conftest.c >&5
configure:3613: $? = 0
configure:3654: result: yes
configure:3671: checking for gcc option to accept ISO C89
configure:3735: gcc  -c -g -O2  conftest.c >&5
configure:3735: $? = 0
configure:3748: result: none needed
configure:3770: checking dependency style of gcc
configure:3880: result: gcc3
configure:3895: checking for a sed that does not truncate output
configure:3959: result: /usr/bin/sed
configure:3977: checking for grep that handles long lines and -e
configure:4035: result: /usr/bin/grep
configure:4040: checking for egrep
configure:4102: result: /usr/bin/grep -E
configure:4107: checking for fgrep
configure:4169: result: /usr/bin/grep -F
configure:4204: checking for ld used by gcc
configure:4271: result: /Library/Developer/CommandLineTools/usr/bin/ld
configure:4278: checking if the linker (/Library/Developer/CommandLineTools/usr/bin/ld) is GNU ld
configure:4293: result: no
configure:4305: checking for BSD- or MS-compatible name lister (nm)
configure:4354: result: /usr/bin/nm -B
configure:4484: checking the name lister (/usr/bin/nm -B) interface
configure:4491: gcc -c -g -O2  conftest.c >&5
configure:4494: /usr/bin/nm -B "conftest.o"
configure:4497: output
00000000000001f0 S _some_variable
configure:4504: result: BSD nm
configure:4507: checking whether ln -s works
configure:4511: result: yes
configure:4519: checking the maximum length of command line arguments
configure:4644: result: 196608
configure:4661: checking whether the shell understands some XSI constructs
configure:4671: result: yes
configure:4675: checking whether the shell understands "+="
configure:4681: result: yes
configure:4716: checking for /Library/Developer/CommandLineTools/usr/bin/ld option to reload object files
configure:4723: result: -r
configure:4792: checking for objdump
configure:4808: found /usr/bin/objdump
configure:4819: result: objdump
configure:4851: checking how to recognize dependent libraries
configure:5053: result: pass_all
configure:5113: checking for ar
configure:5129: found /usr/bin/ar
configure:5140: result: ar
configure:5218: checking for strip
configure:5234: found /usr/bin/strip
configure:5245: result: strip
configure:5317: checking for ranlib
configure:5333: found /usr/bin/ranlib
configure:5344: result: ranlib
configure:5446: checking command to parse /usr/bin/nm -B output from gcc object
configure:5564: gcc -c -g -O2  conftest.c >&5
configure:5567: $? = 0
configure:5571: /usr/bin/nm -B conftest.o \| sed -n -e 's/^.*[ ]\([BCDEGRST][BCDEGRST]*\)[ ][ ]*\([_A-Za-z][_A-Za-z0-9]*\)$/\1 \2 \2/p' \> conftest.nm
configure:5574: $? = 0
cannot find nm_test_var in conftest.nm
configure:5564: gcc -c -g -O2  conftest.c >&5
configure:5567: $? = 0
configure:5571: /usr/bin/nm -B conftest.o \| sed -n -e 's/^.*[ ]\([BCDEGRST][BCDEGRST]*\)[ ][ ]*_\([_A-Za-z][_A-Za-z0-9]*\)$/\1 _\2 \2/p' \> conftest.nm
configure:5574: $? = 0
configure:5628: gcc -o conftest -g -O2   conftest.c conftstm.o >&5
warning: (x86_64)  could not find object file symbol for symbol _main
configure:5631: $? = 0
configure:5669: result: ok
configure:5934: checking for dsymutil
configure:5950: found /usr/bin/dsymutil
configure:5961: result: dsymutil
configure:6026: checking for nmedit
configure:6042: found /usr/bin/nmedit
configure:6053: result: nmedit
configure:6118: checking for lipo
configure:6134: found /usr/bin/lipo
configure:6145: result: lipo
configure:6210: checking for otool
configure:6226: found /usr/bin/otool
configure:6237: result: otool
configure:6302: checking for otool64
configure:6332: result: no
configure:6377: checking for -single_module linker flag
gcc -g -O2  -o libconftest.dylib -dynamiclib -Wl,-single_module conftest.c
configure:6404: result: yes
configure:6406: checking for -exported_symbols_list linker flag
configure:6426: gcc -o conftest -g -O2   -Wl,-exported_symbols_list,conftest.sym conftest.c  >&5
configure:6426: $? = 0
configure:6436: result: yes
configure:6438: checking for -force_load linker flag
gcc -g -O2 -c -o conftest.o conftest.c
ar cru libconftest.a conftest.o
ranlib libconftest.a
gcc -g -O2  -o conftest conftest.c -Wl,-force_load,./libconftest.a
warning: (x86_64)  could not find object file symbol for symbol _forced_loaded
configure:6468: result: no
configure:6510: checking how to run the C preprocessor
configure:6541: gcc -E  conftest.c
configure:6541: $? = 0
configure:6555: gcc -E  conftest.c
conftest.c:12:10: fatal error: 'ac_nonexistent.h' file not found
#include <ac_nonexistent.h>
         ^~~~~~~~~~~~~~~~~~
1 error generated.
configure:6555: $? = 1
configure: failed program was:
| /* confdefs.h */
| #define PACKAGE_NAME "dieharder"
| #define PACKAGE_TARNAME "dieharder"
| #define PACKAGE_VERSION "3.31.1"
| #define PACKAGE_STRING "dieharder 3.31.1"
| #define PACKAGE_BUGREPORT ""
| #define PACKAGE_URL ""
| #define PACKAGE "dieharder"
| #define VERSION "3.31.1"
| #define RELEASED /**/
| /* end confdefs.h.  */
| #include <ac_nonexistent.h>
configure:6580: result: gcc -E
configure:6600: gcc -E  conftest.c
configure:6600: $? = 0
configure:6614: gcc -E  conftest.c
conftest.c:12:10: fatal error: 'ac_nonexistent.h' file not found
#include <ac_nonexistent.h>
         ^~~~~~~~~~~~~~~~~~
1 error generated.
configure:6614: $? = 1
configure: failed program was:
| /* confdefs.h */
| #define PACKAGE_NAME "dieharder"
| #define PACKAGE_TARNAME "dieharder"
| #define PACKAGE_VERSION "3.31.1"
| #define PACKAGE_STRING "dieharder 3.31.1"
| #define PACKAGE_BUGREPORT ""
| #define PACKAGE_URL ""
| #define PACKAGE "dieharder"
| #define VERSION "3.31.1"
| #define RELEASED /**/
| /* end confdefs.h.  */
| #include <ac_nonexistent.h>
configure:6643: checking for ANSI C header files
configure:6663: gcc -c -g -O2  conftest.c >&5
configure:6663: $? = 0
configure:6736: gcc -o conftest -g -O2   conftest.c  >&5
configure:6736: $? = 0
configure:6736: ./conftest
configure:6736: $? = 0
configure:6747: result: yes
configure:6760: checking for sys/types.h
configure:6760: gcc -c -g -O2  conftest.c >&5
configure:6760: $? = 0
configure:6760: result: yes
configure:6760: checking for sys/stat.h
configure:6760: gcc -c -g -O2  conftest.c >&5
configure:6760: $? = 0
configure:6760: result: yes
configure:6760: checking for stdlib.h
configure:6760: gcc -c -g -O2  conftest.c >&5
configure:6760: $? = 0
configure:6760: result: yes
configure:6760: checking for string.h
configure:6760: gcc -c -g -O2  conftest.c >&5
configure:6760: $? = 0
configure:6760: result: yes
configure:6760: checking for memory.h
configure:6760: gcc -c -g -O2  conftest.c >&5
configure:6760: $? = 0
configure:6760: result: yes
configure:6760: checking for strings.h
configure:6760: gcc -c -g -O2  conftest.c >&5
configure:6760: $? = 0
configure:6760: result: yes
configure:6760: checking for inttypes.h
configure:6760: gcc -c -g -O2  conftest.c >&5
configure:6760: $? = 0
configure:6760: result: yes
configure:6760: checking for stdint.h
configure:6760: gcc -c -g -O2  conftest.c >&5
configure:6760: $? = 0
configure:6760: result: yes
configure:6760: checking for unistd.h
configure:6760: gcc -c -g -O2  conftest.c >&5
configure:6760: $? = 0
configure:6760: result: yes
configure:6774: checking for dlfcn.h
configure:6774: gcc -c -g -O2  conftest.c >&5
configure:6774: $? = 0
configure:6774: result: yes
configure:6961: checking for objdir
configure:6976: result: .libs
configure:7243: checking if gcc supports -fno-rtti -fno-exceptions
configure:7261: gcc -c -g -O2  -fno-rtti -fno-exceptions conftest.c >&5
configure:7265: $? = 0
configure:7278: result: yes
configure:7298: checking for gcc option to produce PIC
configure:7583: result: -fno-common -DPIC
configure:7595: checking if gcc PIC flag -fno-common -DPIC works
configure:7613: gcc -c -g -O2  -fno-common -DPIC -DPIC conftest.c >&5
configure:7617: $? = 0
configure:7630: result: yes
configure:7654: checking if gcc static flag -static works
configure:7682: result: no
configure:7697: checking if gcc supports -c -o file.o
configure:7718: gcc -c -g -O2  -o out/conftest2.o conftest.c >&5
configure:7722: $? = 0
configure:7744: result: yes
configure:7752: checking if gcc supports -c -o file.o
configure:7799: result: yes
configure:7832: checking whether the gcc linker (/Library/Developer/CommandLineTools/usr/bin/ld) supports shared libraries
configure:8907: result: yes
configure:9152: checking dynamic linker characteristics
configure:9833: result: darwin17.5.0 dyld
configure:9940: checking how to hardcode library paths into programs
configure:9965: result: immediate
configure:10505: checking whether stripping libraries is possible
configure:10519: result: yes
configure:10545: checking if libtool supports shared libraries
configure:10547: result: yes
configure:10550: checking whether to build shared libraries
configure:10571: result: yes
configure:10574: checking whether to build static libraries
configure:10578: result: yes
configure:10693: checking for gcc
configure:10720: result: gcc
configure:10949: checking for C compiler version
configure:10958: gcc --version >&5
Apple LLVM version 10.0.0 (clang-1000.10.44.2)
Target: x86_64-apple-darwin17.5.0
Thread model: posix
InstalledDir: /Library/Developer/CommandLineTools/usr/bin
Configured with: --prefix=/Library/Developer/CommandLineTools/usr --with-gxx-include-dir=/usr/include/c++/4.2.1
configure:10969: $? = 0
configure:10958: gcc -v >&5
Configured with: --prefix=/Library/Developer/CommandLineTools/usr --with-gxx-include-dir=/usr/include/c++/4.2.1
Apple LLVM version 10.0.0 (clang-1000.10.44.2)
Target: x86_64-apple-darwin17.5.0
Thread model: posix
InstalledDir: /Library/Developer/CommandLineTools/usr/bin
configure:10969: $? = 0
configure:10958: gcc -V >&5
clang: error: argument to '-V' is missing (expected 1 value)
clang: error: no input files
configure:10969: $? = 1
configure:10958: gcc -qversion >&5
clang: error: unknown argument: '-qversion'
clang: error: no input files
configure:10969: $? = 1
configure:10973: checking whether we are using the GNU C compiler
configure:11001: result: yes
configure:11010: checking whether gcc accepts -g
configure:11071: result: yes
configure:11088: checking for gcc option to accept ISO C89
configure:11165: result: none needed
configure:11187: checking dependency style of gcc
configure:11297: result: gcc3
configure:11313: checking whether gcc and cc understand -c and -o together
configure:11344: gcc -c conftest.c -o conftest2.o >&5
conftest.c:23:9: warning: 'RELEASED' macro redefined [-Wmacro-redefined]
#define RELEASED 1
        ^
conftest.c:10:9: note: previous definition is here
#define RELEASED /**/
        ^
1 warning generated.
configure:11348: $? = 0
configure:11354: gcc -c conftest.c -o conftest2.o >&5
conftest.c:23:9: warning: 'RELEASED' macro redefined [-Wmacro-redefined]
#define RELEASED 1
        ^
conftest.c:10:9: note: previous definition is here
#define RELEASED /**/
        ^
1 warning generated.
configure:11358: $? = 0
configure:11369: cc -c conftest.c >&5
conftest.c:23:9: warning: 'RELEASED' macro redefined [-Wmacro-redefined]
#define RELEASED 1
        ^
conftest.c:10:9: note: previous definition is here
#define RELEASED /**/
        ^
1 warning generated.
configure:11373: $? = 0
configure:11381: cc -c conftest.c -o conftest2.o >&5
conftest.c:23:9: warning: 'RELEASED' macro redefined [-Wmacro-redefined]
#define RELEASED 1
        ^
conftest.c:10:9: note: previous definition is here
#define RELEASED /**/
        ^
1 warning generated.
configure:11385: $? = 0
configure:11391: cc -c conftest.c -o conftest2.o >&5
conftest.c:23:9: warning: 'RELEASED' macro redefined [-Wmacro-redefined]
#define RELEASED 1
        ^
conftest.c:10:9: note: previous definition is here
#define RELEASED /**/
        ^
1 warning generated.
configure:11395: $? = 0
configure:11413: result: yes
configure:11439: checking whether make sets $(MAKE)
configure:11461: result: yes
configure:11500: checking for size_t
configure:11500: gcc -c -g -O2  conftest.c >&5
conftest.c:23:9: warning: 'RELEASED' macro redefined [-Wmacro-redefined]
#define RELEASED 1
        ^
conftest.c:10:9: note: previous definition is here
#define RELEASED /**/
        ^
1 warning generated.
configure:11500: $? = 0
configure:11500: gcc -c -g -O2  conftest.c >&5
conftest.c:23:9: warning: 'RELEASED' macro redefined [-Wmacro-redefined]
#define RELEASED 1
        ^
conftest.c:10:9: note: previous definition is here
#define RELEASED /**/
        ^
conftest.c:61:21: error: expected expression
if (sizeof ((size_t)))
                    ^
1 warning and 1 error generated.
configure:11500: $? = 1
configure: failed program was:
| /* confdefs.h */
| #define PACKAGE_NAME "dieharder"
| #define PACKAGE_TARNAME "dieharder"
| #define PACKAGE_VERSION "3.31.1"
| #define PACKAGE_STRING "dieharder 3.31.1"
| #define PACKAGE_BUGREPORT ""
| #define PACKAGE_URL ""
| #define PACKAGE "dieharder"
| #define VERSION "3.31.1"
| #define RELEASED /**/
| #define STDC_HEADERS 1
| #define HAVE_SYS_TYPES_H 1
| #define HAVE_SYS_STAT_H 1
| #define HAVE_STDLIB_H 1
| #define HAVE_STRING_H 1
| #define HAVE_MEMORY_H 1
| #define HAVE_STRINGS_H 1
| #define HAVE_INTTYPES_H 1
| #define HAVE_STDINT_H 1
| #define HAVE_UNISTD_H 1
| #define HAVE_DLFCN_H 1
| #define LT_OBJDIR ".libs/"
| #define RELEASED 1
| /* end confdefs.h.  */
| #include <stdio.h>
| #ifdef HAVE_SYS_TYPES_H
| # include <sys/types.h>
| #endif
| #ifdef HAVE_SYS_STAT_H
| # include <sys/stat.h>
| #endif
| #ifdef STDC_HEADERS
| # include <stdlib.h>
| # include <stddef.h>
| #else
| # ifdef HAVE_STDLIB_H
| #  include <stdlib.h>
| # endif
| #endif
| #ifdef HAVE_STRING_H
| # if !defined STDC_HEADERS && defined HAVE_MEMORY_H
| #  include <memory.h>
| # endif
| # include <string.h>
| #endif
| #ifdef HAVE_STRINGS_H
| # include <strings.h>
| #endif
| #ifdef HAVE_INTTYPES_H
| # include <inttypes.h>
| #endif
| #ifdef HAVE_STDINT_H
| # include <stdint.h>
| #endif
| #ifdef HAVE_UNISTD_H
| # include <unistd.h>
| #endif
| int
| main ()
| {
| if (sizeof ((size_t)))
| 	    return 0;
|   ;
|   return 0;
| }
configure:11500: result: yes
configure:11512: checking for working volatile
configure:11531: gcc -c -g -O2  conftest.c >&5
conftest.c:23:9: warning: 'RELEASED' macro redefined [-Wmacro-redefined]
#define RELEASED 1
        ^
conftest.c:10:9: note: previous definition is here
#define RELEASED /**/
        ^
1 warning generated.
configure:11531: $? = 0
configure:11538: result: yes
configure:11546: checking for inline
configure:11562: gcc -c -g -O2  conftest.c >&5
conftest.c:23:9: warning: 'RELEASED' macro redefined [-Wmacro-redefined]
#define RELEASED 1
        ^
conftest.c:10:9: note: previous definition is here
#define RELEASED /**/
        ^
1 warning generated.
configure:11562: $? = 0
configure:11570: result: inline
configure:11608: checking gsl/gsl_sf_gamma.h usability
configure:11608: gcc -c -g -O2  conftest.c >&5
conftest.c:23:9: warning: 'RELEASED' macro redefined [-Wmacro-redefined]
#define RELEASED 1
        ^
conftest.c:10:9: note: previous definition is here
#define RELEASED /**/
        ^
1 warning generated.
configure:11608: $? = 0
configure:11608: result: yes
configure:11608: checking gsl/gsl_sf_gamma.h presence
configure:11608: gcc -E  conftest.c
conftest.c:23:9: warning: 'RELEASED' macro redefined [-Wmacro-redefined]
#define RELEASED 1
        ^
conftest.c:10:9: note: previous definition is here
#define RELEASED /**/
        ^
1 warning generated.
configure:11608: $? = 0
configure:11608: result: yes
configure:11608: checking for gsl/gsl_sf_gamma.h
configure:11608: result: yes
configure:11616: checking for main in -lgslcblas
configure:11635: gcc -o conftest -g -O2   conftest.c -lgslcblas   >&5
conftest.c:23:9: warning: 'RELEASED' macro redefined [-Wmacro-redefined]
#define RELEASED 1
        ^
conftest.c:10:9: note: previous definition is here
#define RELEASED /**/
        ^
1 warning generated.
configure:11635: $? = 0
configure:11644: result: yes
configure:11657: checking for gsl_sf_gamma in -lgsl
configure:11682: gcc -o conftest -g -O2   conftest.c -lgsl  -lgslcblas  >&5
conftest.c:23:9: warning: 'RELEASED' macro redefined [-Wmacro-redefined]
#define RELEASED 1
        ^
conftest.c:10:9: note: previous definition is here
#define RELEASED /**/
        ^
1 warning generated.
configure:11682: $? = 0
configure:11691: result: yes
configure:11711: checking for endianness
configure:11738: gcc -o conftest -g -O2   conftest.c -lgsl -lgslcblas  >&5
conftest.c:23:9: warning: 'RELEASED' macro redefined [-Wmacro-redefined]
#define RELEASED 1
        ^
conftest.c:10:9: note: previous definition is here
#define RELEASED /**/
        ^
conftest.c:33:9: warning: implicitly declaring library function 'exit' with type 'void (int) __attribute__((noreturn))' [-Wimplicit-function-declaration]
        exit(*c == 1);
        ^
conftest.c:33:9: note: include the header <stdlib.h> or explicitly provide a declaration for 'exit'
2 warnings generated.
configure:11738: $? = 0
configure:11738: ./conftest
configure:11738: $? = 1
configure: program exited with status 1
configure: failed program was:
| /* confdefs.h */
| #define PACKAGE_NAME "dieharder"
| #define PACKAGE_TARNAME "dieharder"
| #define PACKAGE_VERSION "3.31.1"
| #define PACKAGE_STRING "dieharder 3.31.1"
| #define PACKAGE_BUGREPORT ""
| #define PACKAGE_URL ""
| #define PACKAGE "dieharder"
| #define VERSION "3.31.1"
| #define RELEASED /**/
| #define STDC_HEADERS 1
| #define HAVE_SYS_TYPES_H 1
| #define HAVE_SYS_STAT_H 1
| #define HAVE_STDLIB_H 1
| #define HAVE_STRING_H 1
| #define HAVE_MEMORY_H 1
| #define HAVE_STRINGS_H 1
| #define HAVE_INTTYPES_H 1
| #define HAVE_STDINT_H 1
| #define HAVE_UNISTD_H 1
| #define HAVE_DLFCN_H 1
| #define LT_OBJDIR ".libs/"
| #define RELEASED 1
| #define HAVE_LIBGSLCBLAS 1
| #define HAVE_LIBGSL 1
| /* end confdefs.h.  */
| 
| int
| main ()
| {
|         long val = 1;
|         char *c = (char *) &val;
|         exit(*c == 1);
| 
|   ;
|   return 0;
| }
| 
configure:11753: result: little
configure:11769: checking for an ANSI C-conforming const
configure:11834: gcc -c -g -O2  conftest.c >&5
conftest.c:23:9: warning: 'RELEASED' macro redefined [-Wmacro-redefined]
#define RELEASED 1
        ^
conftest.c:10:9: note: previous definition is here
#define RELEASED /**/
        ^
1 warning generated.
configure:11834: $? = 0
configure:11841: result: yes
configure:11849: checking for size_t
configure:11849: result: yes
configure:11860: checking whether time.h and sys/time.h may both be included
configure:11880: gcc -c -g -O2  conftest.c >&5
conftest.c:23:9: warning: 'RELEASED' macro redefined [-Wmacro-redefined]
#define RELEASED 1
        ^
conftest.c:10:9: note: previous definition is here
#define RELEASED /**/
        ^
1 warning generated.
configure:11880: $? = 0
configure:11887: result: yes
configure:12026: creating ./config.status

## ---------------------- ##
## Running config.status. ##
## ---------------------- ##

This file was extended by dieharder config.status 3.31.1, which was
generated by GNU Autoconf 2.66.  Invocation command line was

  CONFIG_FILES    = 
  CONFIG_HEADERS  = 
  CONFIG_LINKS    = 
  CONFIG_COMMANDS = 
  $ ./config.status 

on wifi-roaming-128-4-141-80.host.udel.edu

config.status:1088: creating dieharder_version.h
config.status:1088: creating dieharder.spec
config.status:1088: creating dieharder.html
config.status:1088: creating dieharder-config
config.status:1088: creating dieharder/Makefile
config.status:1088: creating include/Makefile
config.status:1088: creating libdieharder/Makefile
config.status:1088: creating manual/Makefile
config.status:1088: creating manual/macros.tex
config.status:1088: creating Makefile
config.status:1088: creating config.h
config.status:1268: config.h is unchanged
config.status:1316: executing depfiles commands
config.status:1316: executing libtool commands

## ---------------- ##
## Cache variables. ##
## ---------------- ##

ac_cv_build=i386-apple-darwin17.5.0
ac_cv_c_compiler_gnu=yes
ac_cv_c_const=yes
ac_cv_c_endian=little
ac_cv_c_inline=inline
ac_cv_c_volatile=yes
ac_cv_env_CC_set=
ac_cv_env_CC_value=
ac_cv_env_CFLAGS_set=
ac_cv_env_CFLAGS_value=
ac_cv_env_CPPFLAGS_set=
ac_cv_env_CPPFLAGS_value=
ac_cv_env_CPP_set=
ac_cv_env_CPP_value=
ac_cv_env_LDFLAGS_set=
ac_cv_env_LDFLAGS_value=
ac_cv_env_LIBS_set=
ac_cv_env_LIBS_value=
ac_cv_env_build_alias_set=
ac_cv_env_build_alias_value=
ac_cv_env_host_alias_set=
ac_cv_env_host_alias_value=
ac_cv_env_target_alias_set=
ac_cv_env_target_alias_value=
ac_cv_header_dlfcn_h=yes
ac_cv_header_gsl_gsl_sf_gamma_h=yes
ac_cv_header_inttypes_h=yes
ac_cv_header_memory_h=yes
ac_cv_header_stdc=yes
ac_cv_header_stdint_h=yes
ac_cv_header_stdlib_h=yes
ac_cv_header_string_h=yes
ac_cv_header_strings_h=yes
ac_cv_header_sys_stat_h=yes
ac_cv_header_sys_types_h=yes
ac_cv_header_time=yes
ac_cv_header_unistd_h=yes
ac_cv_host=i386-apple-darwin17.5.0
ac_cv_lib_gsl_gsl_sf_gamma=yes
ac_cv_lib_gslcblas_main=yes
ac_cv_objext=o
ac_cv_path_EGREP='/usr/bin/grep -E'
ac_cv_path_FGREP='/usr/bin/grep -F'
ac_cv_path_GREP=/usr/bin/grep
ac_cv_path_SED=/usr/bin/sed
ac_cv_path_install='/usr/bin/install -c'
ac_cv_prog_AWK=awk
ac_cv_prog_CPP='gcc -E'
ac_cv_prog_ac_ct_AR=ar
ac_cv_prog_ac_ct_CC=gcc
ac_cv_prog_ac_ct_DSYMUTIL=dsymutil
ac_cv_prog_ac_ct_LIPO=lipo
ac_cv_prog_ac_ct_NMEDIT=nmedit
ac_cv_prog_ac_ct_OBJDUMP=objdump
ac_cv_prog_ac_ct_OTOOL=otool
ac_cv_prog_ac_ct_RANLIB=ranlib
ac_cv_prog_ac_ct_STRIP=strip
ac_cv_prog_cc_c89=
ac_cv_prog_cc_g=yes
ac_cv_prog_cc_gcc_c_o=yes
ac_cv_prog_make_make_set=yes
ac_cv_type_size_t=yes
am_cv_CC_dependencies_compiler_type=gcc3
lt_cv_apple_cc_single_mod=yes
lt_cv_deplibs_check_method=pass_all
lt_cv_file_magic_cmd='$MAGIC_CMD'
lt_cv_file_magic_test_file=
lt_cv_ld_exported_symbols_list=yes
lt_cv_ld_force_load=no
lt_cv_ld_reload_flag=-r
lt_cv_nm_interface='BSD nm'
lt_cv_objdir=.libs
lt_cv_path_LD=/Library/Developer/CommandLineTools/usr/bin/ld
lt_cv_path_NM='/usr/bin/nm -B'
lt_cv_prog_compiler_c_o=yes
lt_cv_prog_compiler_pic_works=yes
lt_cv_prog_compiler_rtti_exceptions=yes
lt_cv_prog_compiler_static_works=no
lt_cv_prog_gnu_ld=no
lt_cv_sys_global_symbol_pipe='sed -n -e '\''s/^.*[	 ]\([BCDEGRST][BCDEGRST]*\)[	 ][	 ]*_\([_A-Za-z][_A-Za-z0-9]*\)$/\1 _\2 \2/p'\'''
lt_cv_sys_global_symbol_to_c_name_address='sed -n -e '\''s/^: \([^ ]*\) $/  {\"\1\", (void *) 0},/p'\'' -e '\''s/^[BCDEGRST]* \([^ ]*\) \([^ ]*\)$/  {"\2", (void *) \&\2},/p'\'''
lt_cv_sys_global_symbol_to_c_name_address_lib_prefix='sed -n -e '\''s/^: \([^ ]*\) $/  {\"\1\", (void *) 0},/p'\'' -e '\''s/^[BCDEGRST]* \([^ ]*\) \(lib[^ ]*\)$/  {"\2", (void *) \&\2},/p'\'' -e '\''s/^[BCDEGRST]* \([^ ]*\) \([^ ]*\)$/  {"lib\2", (void *) \&\2},/p'\'''
lt_cv_sys_global_symbol_to_cdecl='sed -n -e '\''s/^T .* \(.*\)$/extern int \1();/p'\'' -e '\''s/^[BCDEGRST]* .* \(.*\)$/extern char \1;/p'\'''
lt_cv_sys_max_cmd_len=196608

## ----------------- ##
## Output variables. ##
## ----------------- ##

ACLOCAL='/bin/sh ./missing --run aclocal'
ACLOCAL_AMFLAGS='-I m4'
ACTAR='/bin/sh ./missing --run tar'
AMDEPBACKSLASH='\'
AMDEP_FALSE='#'
AMDEP_TRUE=''
AMTAR='${SHELL} /Users/rachelkraft/Documents/Fall2018/ArchProj/dieharder-3.31.1/missing --run tar'
AR='ar'
AUTOCONF='/bin/sh ./missing --run autoconf;echo "Run ./configure";exit'
AUTOHEADER='/bin/sh ./missing --run autoheader'
AUTOMAKE='/bin/sh ./missing --run automake --add-missing --copy --gnu'
AWK='awk'
CC='gcc'
CCDEPMODE='depmode=gcc3'
CFLAGS='-g -O2'
CPP='gcc -E'
CPPFLAGS=''
CYGPATH_W='echo'
DEFS='-DHAVE_CONFIG_H'
DEPDIR='.deps'
DIEHARDER_CFLAGS='-I${prefix}/include'
DIEHARDER_LIBS='-L${exec_prefix}/lib -ldieharder'
DIEHARDER_LIB_VERSION='3.31.1'
DIEHARDER_LT_VERSION='3:31:1'
DSYMUTIL='dsymutil'
DUMPBIN=''
ECHO_C='\c'
ECHO_N=''
ECHO_T=''
EGREP='/usr/bin/grep -E'
EXEEXT=''
FGREP='/usr/bin/grep -F'
GREP='/usr/bin/grep'
INSTALL_DATA='${INSTALL} -m 644'
INSTALL_PROGRAM='${INSTALL}'
INSTALL_SCRIPT='${INSTALL}'
INSTALL_STRIP_PROGRAM='$(install_sh) -c -s'
LD='/Library/Developer/CommandLineTools/usr/bin/ld'
LDFLAGS=''
LIBOBJS=''
LIBS='-lgsl -lgslcblas '
LIBTOOL='$(SHELL) $(top_builddir)/libtool'
LIBTOOL_DEPS='./ltmain.sh'
LIPO='lipo'
LITTLE_ENDIAN='1'
LN_S='ln -s'
LTLIBOBJS=''
MAKEINFO='${SHELL} /Users/rachelkraft/Documents/Fall2018/ArchProj/dieharder-3.31.1/missing --run makeinfo'
MKDIR_P='./install-sh -c -d'
NM='/usr/bin/nm -B'
NMEDIT='nmedit'
OBJDUMP='objdump'
OBJEXT='o'
OTOOL64=':'
OTOOL='otool'
PACKAGE='dieharder'
PACKAGE_BUGREPORT=''
PACKAGE_NAME='dieharder'
PACKAGE_STRING='dieharder 3.31.1'
PACKAGE_TARNAME='dieharder'
PACKAGE_URL=''
PACKAGE_VERSION='3.31.1'
PATH_SEPARATOR=':'
RANLIB='ranlib'
RELEASE='1'
RELEASED=''
SED='/usr/bin/sed'
SET_MAKE=''
SHELL='/bin/sh'
STRIP='strip'
VERSION='3.31.1'
ac_ct_CC='gcc'
ac_ct_DUMPBIN=''
am__EXEEXT_FALSE=''
am__EXEEXT_TRUE='#'
am__fastdepCC_FALSE='#'
am__fastdepCC_TRUE=''
am__include='include'
am__isrc=''
am__leading_dot='.'
am__quote=''
am__tar='${AMTAR} chof - "$$tardir"'
am__untar='${AMTAR} xf -'
bindir='${exec_prefix}/bin'
build='i386-apple-darwin17.5.0'
build_alias=''
build_cpu='i386'
build_os='darwin17.5.0'
build_vendor='apple'
datadir='${datarootdir}'
datarootdir='${prefix}/share'
dieharder_CFLAGS='-std=c99 -Wall -pedantic -I${prefix}/include'
docdir='${datarootdir}/doc/${PACKAGE_TARNAME}'
dvidir='${docdir}'
exec_prefix='${prefix}'
host='i386-apple-darwin17.5.0'
host_alias=''
host_cpu='i386'
host_os='darwin17.5.0'
host_vendor='apple'
htmldir='${docdir}'
includedir='${prefix}/include'
infodir='${datarootdir}/info'
install_sh='${SHELL} /Users/rachelkraft/Documents/Fall2018/ArchProj/dieharder-3.31.1/install-sh'
libdieharder_lo_CFLAGS='-Wall -pedantic -I${prefix}/include'
libdir='${exec_prefix}/lib'
libexecdir='${exec_prefix}/libexec'
localedir='${datarootdir}/locale'
localstatedir='${prefix}/var'
mandir='${datarootdir}/man'
mkdir_p='$(top_builddir)/./install-sh -c -d'
oldincludedir='/usr/include'
pdfdir='${docdir}'
prefix='/usr/local'
program_transform_name='s,x,x,'
psdir='${docdir}'
sbindir='${exec_prefix}/sbin'
sharedstatedir='${prefix}/com'
sysconfdir='${prefix}/etc'
target_alias=''

## ----------- ##
## confdefs.h. ##
## ----------- ##

/* confdefs.h */
#define PACKAGE_NAME "dieharder"
#define PACKAGE_TARNAME "dieharder"
#define PACKAGE_VERSION "3.31.1"
#define PACKAGE_STRING "dieharder 3.31.1"
#define PACKAGE_BUGREPORT ""
#define PACKAGE_URL ""
#define PACKAGE "dieharder"
#define VERSION "3.31.1"
#define RELEASED /**/
#define STDC_HEADERS 1
#define HAVE_SYS_TYPES_H 1
#define HAVE_SYS_STAT_H 1
#define HAVE_STDLIB_H 1
#define HAVE_STRING_H 1
#define HAVE_MEMORY_H 1
#define HAVE_STRINGS_H 1
#define HAVE_INTTYPES_H 1
#define HAVE_STDINT_H 1
#define HAVE_UNISTD_H 1
#define HAVE_DLFCN_H 1
#define LT_OBJDIR ".libs/"
#define RELEASED 1
#define HAVE_LIBGSLCBLAS 1
#define HAVE_LIBGSL 1
#define TIME_WITH_SYS_TIME 1

configure: exit 0
